<?xml version="1.0" encoding="UTF-8"?>
<!-- Generated by org.testng.reporters.JUnitXMLReporter -->
<testsuite ignored="0" hostname="DESKTOP-TECLDAM" failures="1" tests="3" name="Test" time="65.352" errors="0" timestamp="2021-08-26T13:49:32 IST">
  <testcase classname="com.vtiger.comcast.producttest.Search_Product" name="createProductTest" time="17.861"/>
  <testcase classname="com.vtiger.comcast.producttest.Search_Product" name="searchProductByCommissionRateTest" time="14.755">
    <failure type="java.lang.AssertionError" message="expected [PRO70] but found [PRO58]">
      <![CDATA[java.lang.AssertionError: expected [PRO70] but found [PRO58]
at com.vtiger.comcast.producttest.Search_Product.searchProductByCommissionRateTest(Search_Product.java:197)
at java.base/java.util.ArrayList.forEach(ArrayList.java:1507)
... Removed 33 stack frames]]>
    </failure>
  </testcase> <!-- searchProductByCommissionRateTest -->
  <testcase classname="com.vtiger.comcast.producttest.Search_Product" name="searchProductByPartnameTest" time="9.687"/>
</testsuite> <!-- Test -->
