<?xml version="1.0" encoding="UTF-8"?>
<testng-results ignored="0" total="3" passed="2" failed="1" skipped="0">
  <reporter-output>
  </reporter-output>
  <suite started-at="2021-08-26T13:48:26 IST" name="Suite" finished-at="2021-08-26T13:49:32 IST" duration-ms="65352">
    <groups>
      <group name="SmokeTesting">
        <method signature="Search_Product.createProductTest()[pri:0, instance:com.vtiger.comcast.producttest.Search_Product@6e0dec4a]" name="createProductTest" class="com.vtiger.comcast.producttest.Search_Product"/>
      </group> <!-- SmokeTesting -->
      <group name="RegressionTesting">
        <method signature="Search_Product.searchProductByCommissionRateTest()[pri:0, instance:com.vtiger.comcast.producttest.Search_Product@6e0dec4a]" name="searchProductByCommissionRateTest" class="com.vtiger.comcast.producttest.Search_Product"/>
        <method signature="Search_Product.searchProductByPartnameTest()[pri:0, instance:com.vtiger.comcast.producttest.Search_Product@6e0dec4a]" name="searchProductByPartnameTest" class="com.vtiger.comcast.producttest.Search_Product"/>
      </group> <!-- RegressionTesting -->
    </groups>
    <test started-at="2021-08-26T13:48:26 IST" name="Test" finished-at="2021-08-26T13:49:32 IST" duration-ms="65352">
      <class name="com.vtiger.comcast.producttest.Search_Product">
        <test-method is-config="true" signature="configBC()[pri:0, instance:com.vtiger.comcast.producttest.Search_Product@6e0dec4a]" started-at="2021-08-26T13:48:26 IST" name="configBC" finished-at="2021-08-26T13:48:29 IST" duration-ms="2593" status="PASS">
          <reporter-output>
          </reporter-output>
        </test-method> <!-- configBC -->
        <test-method is-config="true" signature="configBM()[pri:0, instance:com.vtiger.comcast.producttest.Search_Product@6e0dec4a]" started-at="2021-08-26T13:48:29 IST" name="configBM" finished-at="2021-08-26T13:48:38 IST" duration-ms="9587" status="PASS">
          <reporter-output>
          </reporter-output>
        </test-method> <!-- configBM -->
        <test-method signature="createProductTest()[pri:0, instance:com.vtiger.comcast.producttest.Search_Product@6e0dec4a]" started-at="2021-08-26T13:48:38 IST" name="createProductTest" finished-at="2021-08-26T13:48:56 IST" duration-ms="17861" status="PASS">
          <reporter-output>
          </reporter-output>
        </test-method> <!-- createProductTest -->
        <test-method is-config="true" signature="configAM()[pri:0, instance:com.vtiger.comcast.producttest.Search_Product@6e0dec4a]" started-at="2021-08-26T13:48:56 IST" name="configAM" finished-at="2021-08-26T13:48:58 IST" duration-ms="1856" status="PASS">
          <reporter-output>
          </reporter-output>
        </test-method> <!-- configAM -->
        <test-method is-config="true" signature="configBM()[pri:0, instance:com.vtiger.comcast.producttest.Search_Product@6e0dec4a]" started-at="2021-08-26T13:48:58 IST" name="configBM" finished-at="2021-08-26T13:49:00 IST" duration-ms="2339" status="PASS">
          <reporter-output>
          </reporter-output>
        </test-method> <!-- configBM -->
        <test-method signature="searchProductByCommissionRateTest()[pri:0, instance:com.vtiger.comcast.producttest.Search_Product@6e0dec4a]" started-at="2021-08-26T13:49:00 IST" name="searchProductByCommissionRateTest" finished-at="2021-08-26T13:49:15 IST" duration-ms="14755" status="FAIL">
          <exception class="java.lang.AssertionError">
            <message>
              <![CDATA[expected [PRO70] but found [PRO58]]]>
            </message>
            <full-stacktrace>
              <![CDATA[java.lang.AssertionError: expected [PRO70] but found [PRO58]
at org.testng.Assert.fail(Assert.java:99)
at org.testng.Assert.failNotEquals(Assert.java:1037)
at org.testng.Assert.assertEqualsImpl(Assert.java:140)
at org.testng.Assert.assertEquals(Assert.java:122)
at org.testng.Assert.assertEquals(Assert.java:629)
at org.testng.Assert.assertEquals(Assert.java:639)
at com.vtiger.comcast.producttest.Search_Product.searchProductByCommissionRateTest(Search_Product.java:197)
at java.base/jdk.internal.reflect.NativeMethodAccessorImpl.invoke0(Native Method)
at java.base/jdk.internal.reflect.NativeMethodAccessorImpl.invoke(NativeMethodAccessorImpl.java:62)
at java.base/jdk.internal.reflect.DelegatingMethodAccessorImpl.invoke(DelegatingMethodAccessorImpl.java:43)
at java.base/java.lang.reflect.Method.invoke(Method.java:567)
at org.testng.internal.MethodInvocationHelper.invokeMethod(MethodInvocationHelper.java:132)
at org.testng.internal.TestInvoker.invokeMethod(TestInvoker.java:599)
at org.testng.internal.TestInvoker.invokeTestMethod(TestInvoker.java:174)
at org.testng.internal.MethodRunner.runInSequence(MethodRunner.java:46)
at org.testng.internal.TestInvoker$MethodInvocationAgent.invoke(TestInvoker.java:822)
at org.testng.internal.TestInvoker.invokeTestMethods(TestInvoker.java:147)
at org.testng.internal.TestMethodWorker.invokeTestMethods(TestMethodWorker.java:146)
at org.testng.internal.TestMethodWorker.run(TestMethodWorker.java:128)
at java.base/java.util.ArrayList.forEach(ArrayList.java:1507)
at org.testng.TestRunner.privateRun(TestRunner.java:764)
at org.testng.TestRunner.run(TestRunner.java:585)
at org.testng.SuiteRunner.runTest(SuiteRunner.java:384)
at org.testng.SuiteRunner.runSequentially(SuiteRunner.java:378)
at org.testng.SuiteRunner.privateRun(SuiteRunner.java:337)
at org.testng.SuiteRunner.run(SuiteRunner.java:286)
at org.testng.SuiteRunnerWorker.runSuite(SuiteRunnerWorker.java:53)
at org.testng.SuiteRunnerWorker.run(SuiteRunnerWorker.java:96)
at org.testng.TestNG.runSuitesSequentially(TestNG.java:1218)
at org.testng.TestNG.runSuitesLocally(TestNG.java:1140)
at org.testng.TestNG.runSuites(TestNG.java:1069)
at org.testng.TestNG.run(TestNG.java:1037)
at org.testng.remote.AbstractRemoteTestNG.run(AbstractRemoteTestNG.java:115)
at org.testng.remote.RemoteTestNG.initAndRun(RemoteTestNG.java:251)
at org.testng.remote.RemoteTestNG.main(RemoteTestNG.java:77)
]]>
            </full-stacktrace>
          </exception> <!-- java.lang.AssertionError -->
          <reporter-output>
          </reporter-output>
        </test-method> <!-- searchProductByCommissionRateTest -->
        <test-method is-config="true" signature="configAM()[pri:0, instance:com.vtiger.comcast.producttest.Search_Product@6e0dec4a]" started-at="2021-08-26T13:49:15 IST" name="configAM" finished-at="2021-08-26T13:49:17 IST" duration-ms="1210" status="PASS">
          <reporter-output>
          </reporter-output>
        </test-method> <!-- configAM -->
        <test-method is-config="true" signature="configBM()[pri:0, instance:com.vtiger.comcast.producttest.Search_Product@6e0dec4a]" started-at="2021-08-26T13:49:17 IST" name="configBM" finished-at="2021-08-26T13:49:19 IST" duration-ms="2437" status="PASS">
          <reporter-output>
          </reporter-output>
        </test-method> <!-- configBM -->
        <test-method signature="searchProductByPartnameTest()[pri:0, instance:com.vtiger.comcast.producttest.Search_Product@6e0dec4a]" started-at="2021-08-26T13:49:19 IST" name="searchProductByPartnameTest" finished-at="2021-08-26T13:49:29 IST" duration-ms="9687" status="PASS">
          <reporter-output>
          </reporter-output>
        </test-method> <!-- searchProductByPartnameTest -->
        <test-method is-config="true" signature="configAM()[pri:0, instance:com.vtiger.comcast.producttest.Search_Product@6e0dec4a]" started-at="2021-08-26T13:49:29 IST" name="configAM" finished-at="2021-08-26T13:49:31 IST" duration-ms="2022" status="PASS">
          <reporter-output>
          </reporter-output>
        </test-method> <!-- configAM -->
        <test-method is-config="true" signature="configAC()[pri:0, instance:com.vtiger.comcast.producttest.Search_Product@6e0dec4a]" started-at="2021-08-26T13:49:31 IST" name="configAC" finished-at="2021-08-26T13:49:32 IST" duration-ms="789" status="PASS">
          <reporter-output>
          </reporter-output>
        </test-method> <!-- configAC -->
      </class> <!-- com.vtiger.comcast.producttest.Search_Product -->
    </test> <!-- Test -->
  </suite> <!-- Suite -->
</testng-results>
